This is pdfTeX, Version 3.14159265-2.6-1.40.16 (TeX Live 2015) (preloaded format=pdflatex 2016.4.27)  3 MAY 2016 08:29
entering extended mode
 restricted \write18 enabled.
 %&-line parsing enabled.
**/Users/user/proj/imouzon.github.io/stat105/exams/final/stat105_F15_exam3.tex
(/Users/user/proj/imouzon.github.io/stat105/exams/final/stat105_F15_exam3.tex
LaTeX2e <2015/01/01>
Babel <3.9l> and hyphenation patterns for 21 languages loaded.
(./examsetup.cls
Document Class: examsetup 2015/09/24
(/usr/local/texlive/2015basic/texmf-dist/tex/latex/etoolbox/etoolbox.sty
Package: etoolbox 2015/05/04 v2.2 e-TeX tools for LaTeX (JAW)
\etb@tempcnta=\count79
)
(/usr/local/texlive/2015basic/texmf-dist/tex/latex/exam/exam.cls
Document Class: exam 2015/05/07 Version 2.5 by Philip Hirschhorn
(/usr/local/texlive/2015basic/texmf-dist/tex/latex/base/ifthen.sty
Package: ifthen 2014/09/29 v1.1c Standard LaTeX ifthen package (DPC)
)
(/usr/local/texlive/2015basic/texmf-dist/tex/latex/base/article.cls
Document Class: article 2014/09/29 v1.4h Standard LaTeX document class
(/usr/local/texlive/2015basic/texmf-dist/tex/latex/base/size10.clo
File: size10.clo 2014/09/29 v1.4h Standard LaTeX file (size option)
)
\c@part=\count80
\c@section=\count81
\c@subsection=\count82
\c@subsubsection=\count83
\c@paragraph=\count84
\c@subparagraph=\count85
\c@figure=\count86
\c@table=\count87
\abovecaptionskip=\skip41
\belowcaptionskip=\skip42
\bibindent=\dimen102
)
\@extrawidth=\skip43
\@rightmargin=\skip44
\@extrahead=\skip45
\@extrafoot=\skip46
\run@exhd=\skip47
\fp@exhd=\skip48
\run@exft=\skip49
\fp@exft=\skip50
\covrun@exhd=\skip51
\covfp@exhd=\skip52
\covrun@exft=\skip53
\covfp@exft=\skip54
\c@num@coverpages=\count88
\c@latest@ques=\count89
\c@ques@end=\count90
\c@last@object=\count91
\c@incmp@ques=\count92
\c@next@ques=\count93
\c@next@page=\count94
\c@tmp@hlfcntr=\count95
\c@ifpos@cntr=\count96
\c@question=\count97
\c@partno=\count98
\c@subpart=\count99
\c@subsubpart=\count100
\c@choice=\count101
\c@numpoints=\count102
\c@numbonuspoints=\count103
\c@pointsof@thisquestion=\count104
\c@bonuspointsof@thisquestion=\count105
\c@numquestions=\count106
\c@numparts=\count107
\c@numsubparts=\count108
\c@numsubsubparts=\count109
\c@Curr@Page=\count110
\c@@pagepoints=\count111
\c@@pagebonuspoints=\count112
\c@pageof@pagepoints=\count113
\c@pageof@pagebonuspoints=\count114
\c@latest@points=\count115
\c@latest@bonuspoints=\count116
\pageinfo@commands=\toks14
\temp@toks=\toks15
\pagepoint@commands=\toks16
\point@toks=\toks17
\c@ques@object=\count117
\marginpointssep=\skip55
\rightpointsmargin=\skip56
\choice@toks=\toks18
\answerlinelength=\skip57
\answerskip=\skip58
\answerclearance=\skip59
\fillinlinelength=\skip60
\linefillheight=\skip61
\linefillthickness=\skip62
\dottedlinefillheight=\skip63
\gridsize=\skip64
\gridlinewidth=\skip65
\minboxheight=\skip66
\c@@iterator=\count118
\@cellwidth=\skip67
\c@tbl@points=\count119
\c@tbl@bonuspoints=\count120
\c@num@cols=\count121
\exam@box=\box26
\saved@totalleftmargin=\dimen103
\@sollistdepth=\count122
\FrameRule=\dimen104
\FrameSep=\dimen105
))
(/usr/local/texlive/2015basic/texmf-dist/tex/latex/graphics/graphicx.sty
Package: graphicx 2014/10/28 v1.0g Enhanced LaTeX Graphics (DPC,SPQR)

(/usr/local/texlive/2015basic/texmf-dist/tex/latex/graphics/keyval.sty
Package: keyval 2014/10/28 v1.15 key=value parser (DPC)
\KV@toks@=\toks19
)
(/usr/local/texlive/2015basic/texmf-dist/tex/latex/graphics/graphics.sty
Package: graphics 2014/10/28 v1.0p Standard LaTeX Graphics (DPC,SPQR)

(/usr/local/texlive/2015basic/texmf-dist/tex/latex/graphics/trig.sty
Package: trig 1999/03/16 v1.09 sin cos tan (DPC)
)
(/usr/local/texlive/2015basic/texmf-dist/tex/latex/latexconfig/graphics.cfg
File: graphics.cfg 2010/04/23 v1.9 graphics configuration of TeX Live
)
Package graphics Info: Driver file: pdftex.def on input line 94.

(/usr/local/texlive/2015basic/texmf-dist/tex/latex/pdftex-def/pdftex.def
File: pdftex.def 2011/05/27 v0.06d Graphics/color for pdfTeX

(/usr/local/texlive/2015basic/texmf-dist/tex/generic/oberdiek/infwarerr.sty
Package: infwarerr 2010/04/08 v1.3 Providing info/warning/error messages (HO)
)
(/usr/local/texlive/2015basic/texmf-dist/tex/generic/oberdiek/ltxcmds.sty
Package: ltxcmds 2011/11/09 v1.22 LaTeX kernel commands for general use (HO)
)
\Gread@gobject=\count123
))
\Gin@req@height=\dimen106
\Gin@req@width=\dimen107
)
(/usr/local/texlive/2015basic/texmf-dist/tex/latex/graphics/color.sty
Package: color 2014/10/28 v1.1a Standard LaTeX Color (DPC)

(/usr/local/texlive/2015basic/texmf-dist/tex/latex/latexconfig/color.cfg
File: color.cfg 2007/01/18 v1.5 color configuration of teTeX/TeXLive
)
Package color Info: Driver file: pdftex.def on input line 142.
)
(./framed.sty
Package: framed 2011/10/22 v 0.96: framed or shaded text with page breaks


! LaTeX Error: Command \framed already defined.
               Or name \end... illegal, see p.192 of the manual.

See the LaTeX manual or LaTeX Companion for explanation.
Type  H <return>  for immediate help.
 ...                                              
                                                  
l.115   {\endMakeFramed}
                        
Your command was ignored.
Type  I <command> <return>  to replace it with another command,
or  <return>  to continue without it.


! LaTeX Error: Command \shaded already defined.
               Or name \end... illegal, see p.192 of the manual.

See the LaTeX manual or LaTeX Companion for explanation.
Type  H <return>  for immediate help.
 ...                                              
                                                  
l.120  {\endMakeFramed}
                       
Your command was ignored.
Type  I <command> <return>  to replace it with another command,
or  <return>  to continue without it.


! LaTeX Error: Command \leftbar already defined.
               Or name \end... illegal, see p.192 of the manual.

See the LaTeX manual or LaTeX Companion for explanation.
Type  H <return>  for immediate help.
 ...                                              
                                                  
l.130  {\endMakeFramed}
                       
Your command was ignored.
Type  I <command> <return>  to replace it with another command,
or  <return>  to continue without it.

\OuterFrameSep=\skip68
\fb@frw=\dimen108
\fb@frh=\dimen109
) (/usr/local/texlive/2015basic/texmf-dist/tex/latex/base/alltt.sty
Package: alltt 1997/06/16 v2.0g defines alltt environment
)
(/usr/local/texlive/2015basic/texmf-dist/tex/latex/pgf/frontendlayer/tikz.sty
(/usr/local/texlive/2015basic/texmf-dist/tex/latex/pgf/basiclayer/pgf.sty
(/usr/local/texlive/2015basic/texmf-dist/tex/latex/pgf/utilities/pgfrcs.sty
(/usr/local/texlive/2015basic/texmf-dist/tex/generic/pgf/utilities/pgfutil-comm
on.tex
\pgfutil@everybye=\toks20
\pgfutil@tempdima=\dimen110
\pgfutil@tempdimb=\dimen111

(/usr/local/texlive/2015basic/texmf-dist/tex/generic/pgf/utilities/pgfutil-comm
on-lists.tex))
(/usr/local/texlive/2015basic/texmf-dist/tex/generic/pgf/utilities/pgfutil-late
x.def
\pgfutil@abb=\box27
 (/usr/local/texlive/2015basic/texmf-dist/tex/latex/ms/everyshi.sty
Package: everyshi 2001/05/15 v3.00 EveryShipout Package (MS)
))
(/usr/local/texlive/2015basic/texmf-dist/tex/generic/pgf/utilities/pgfrcs.code.
tex
Package: pgfrcs 2013/12/20 v3.0.0 (rcs-revision 1.28)
))
Package: pgf 2013/12/18 v3.0.0 (rcs-revision 1.14)

(/usr/local/texlive/2015basic/texmf-dist/tex/latex/pgf/basiclayer/pgfcore.sty
(/usr/local/texlive/2015basic/texmf-dist/tex/latex/pgf/systemlayer/pgfsys.sty
(/usr/local/texlive/2015basic/texmf-dist/tex/generic/pgf/systemlayer/pgfsys.cod
e.tex
Package: pgfsys 2013/11/30 v3.0.0 (rcs-revision 1.47)

(/usr/local/texlive/2015basic/texmf-dist/tex/generic/pgf/utilities/pgfkeys.code
.tex
\pgfkeys@pathtoks=\toks21
\pgfkeys@temptoks=\toks22

(/usr/local/texlive/2015basic/texmf-dist/tex/generic/pgf/utilities/pgfkeysfilte
red.code.tex
\pgfkeys@tmptoks=\toks23
))
\pgf@x=\dimen112
\pgf@y=\dimen113
\pgf@xa=\dimen114
\pgf@ya=\dimen115
\pgf@xb=\dimen116
\pgf@yb=\dimen117
\pgf@xc=\dimen118
\pgf@yc=\dimen119
\w@pgf@writea=\write3
\r@pgf@reada=\read1
\c@pgf@counta=\count124
\c@pgf@countb=\count125
\c@pgf@countc=\count126
\c@pgf@countd=\count127
\t@pgf@toka=\toks24
\t@pgf@tokb=\toks25
\t@pgf@tokc=\toks26

(/usr/local/texlive/2015basic/texmf-dist/tex/generic/pgf/systemlayer/pgf.cfg
File: pgf.cfg 2008/05/14  (rcs-revision 1.7)
)
Driver file for pgf: pgfsys-pdftex.def

(/usr/local/texlive/2015basic/texmf-dist/tex/generic/pgf/systemlayer/pgfsys-pdf
tex.def
File: pgfsys-pdftex.def 2013/07/18  (rcs-revision 1.33)

(/usr/local/texlive/2015basic/texmf-dist/tex/generic/pgf/systemlayer/pgfsys-com
mon-pdf.def
File: pgfsys-common-pdf.def 2013/10/10  (rcs-revision 1.13)
)))
(/usr/local/texlive/2015basic/texmf-dist/tex/generic/pgf/systemlayer/pgfsyssoft
path.code.tex
File: pgfsyssoftpath.code.tex 2013/09/09  (rcs-revision 1.9)
\pgfsyssoftpath@smallbuffer@items=\count128
\pgfsyssoftpath@bigbuffer@items=\count129
)
(/usr/local/texlive/2015basic/texmf-dist/tex/generic/pgf/systemlayer/pgfsysprot
ocol.code.tex
File: pgfsysprotocol.code.tex 2006/10/16  (rcs-revision 1.4)
))
(/usr/local/texlive/2015basic/texmf-dist/tex/latex/xcolor/xcolor.sty
Package: xcolor 2007/01/21 v2.11 LaTeX color extensions (UK)

(/usr/local/texlive/2015basic/texmf-dist/tex/latex/latexconfig/color.cfg
File: color.cfg 2007/01/18 v1.5 color configuration of teTeX/TeXLive
)
Package xcolor Info: Driver file: pdftex.def on input line 225.
LaTeX Info: Redefining \color on input line 702.
Package xcolor Info: Model `cmy' substituted by `cmy0' on input line 1337.
Package xcolor Info: Model `hsb' substituted by `rgb' on input line 1341.
Package xcolor Info: Model `RGB' extended on input line 1353.
Package xcolor Info: Model `HTML' substituted by `rgb' on input line 1355.
Package xcolor Info: Model `Hsb' substituted by `hsb' on input line 1356.
Package xcolor Info: Model `tHsb' substituted by `hsb' on input line 1357.
Package xcolor Info: Model `HSB' substituted by `hsb' on input line 1358.
Package xcolor Info: Model `Gray' substituted by `gray' on input line 1359.
Package xcolor Info: Model `wave' substituted by `hsb' on input line 1360.
)
(/usr/local/texlive/2015basic/texmf-dist/tex/generic/pgf/basiclayer/pgfcore.cod
e.tex
Package: pgfcore 2010/04/11 v3.0.0 (rcs-revision 1.7)

(/usr/local/texlive/2015basic/texmf-dist/tex/generic/pgf/math/pgfmath.code.tex
(/usr/local/texlive/2015basic/texmf-dist/tex/generic/pgf/math/pgfmathcalc.code.
tex
(/usr/local/texlive/2015basic/texmf-dist/tex/generic/pgf/math/pgfmathutil.code.
tex)
(/usr/local/texlive/2015basic/texmf-dist/tex/generic/pgf/math/pgfmathparser.cod
e.tex
\pgfmath@dimen=\dimen120
\pgfmath@count=\count130
\pgfmath@box=\box28
\pgfmath@toks=\toks27
\pgfmath@stack@operand=\toks28
\pgfmath@stack@operation=\toks29
)
(/usr/local/texlive/2015basic/texmf-dist/tex/generic/pgf/math/pgfmathfunctions.
code.tex
(/usr/local/texlive/2015basic/texmf-dist/tex/generic/pgf/math/pgfmathfunctions.
basic.code.tex)
(/usr/local/texlive/2015basic/texmf-dist/tex/generic/pgf/math/pgfmathfunctions.
trigonometric.code.tex)
(/usr/local/texlive/2015basic/texmf-dist/tex/generic/pgf/math/pgfmathfunctions.
random.code.tex)
(/usr/local/texlive/2015basic/texmf-dist/tex/generic/pgf/math/pgfmathfunctions.
comparison.code.tex)
(/usr/local/texlive/2015basic/texmf-dist/tex/generic/pgf/math/pgfmathfunctions.
base.code.tex)
(/usr/local/texlive/2015basic/texmf-dist/tex/generic/pgf/math/pgfmathfunctions.
round.code.tex)
(/usr/local/texlive/2015basic/texmf-dist/tex/generic/pgf/math/pgfmathfunctions.
misc.code.tex)
(/usr/local/texlive/2015basic/texmf-dist/tex/generic/pgf/math/pgfmathfunctions.
integerarithmetics.code.tex)))
(/usr/local/texlive/2015basic/texmf-dist/tex/generic/pgf/math/pgfmathfloat.code
.tex
\c@pgfmathroundto@lastzeros=\count131
))
(/usr/local/texlive/2015basic/texmf-dist/tex/generic/pgf/basiclayer/pgfcorepoin
ts.code.tex
File: pgfcorepoints.code.tex 2013/10/07  (rcs-revision 1.27)
\pgf@picminx=\dimen121
\pgf@picmaxx=\dimen122
\pgf@picminy=\dimen123
\pgf@picmaxy=\dimen124
\pgf@pathminx=\dimen125
\pgf@pathmaxx=\dimen126
\pgf@pathminy=\dimen127
\pgf@pathmaxy=\dimen128
\pgf@xx=\dimen129
\pgf@xy=\dimen130
\pgf@yx=\dimen131
\pgf@yy=\dimen132
\pgf@zx=\dimen133
\pgf@zy=\dimen134
)
(/usr/local/texlive/2015basic/texmf-dist/tex/generic/pgf/basiclayer/pgfcorepath
construct.code.tex
File: pgfcorepathconstruct.code.tex 2013/10/07  (rcs-revision 1.29)
\pgf@path@lastx=\dimen135
\pgf@path@lasty=\dimen136
)
(/usr/local/texlive/2015basic/texmf-dist/tex/generic/pgf/basiclayer/pgfcorepath
usage.code.tex
File: pgfcorepathusage.code.tex 2013/12/13  (rcs-revision 1.23)
\pgf@shorten@end@additional=\dimen137
\pgf@shorten@start@additional=\dimen138
)
(/usr/local/texlive/2015basic/texmf-dist/tex/generic/pgf/basiclayer/pgfcorescop
es.code.tex
File: pgfcorescopes.code.tex 2013/10/09  (rcs-revision 1.44)
\pgfpic=\box29
\pgf@hbox=\box30
\pgf@layerbox@main=\box31
\pgf@picture@serial@count=\count132
)
(/usr/local/texlive/2015basic/texmf-dist/tex/generic/pgf/basiclayer/pgfcoregrap
hicstate.code.tex
File: pgfcoregraphicstate.code.tex 2013/09/19  (rcs-revision 1.11)
\pgflinewidth=\dimen139
)
(/usr/local/texlive/2015basic/texmf-dist/tex/generic/pgf/basiclayer/pgfcoretran
sformations.code.tex
File: pgfcoretransformations.code.tex 2013/10/10  (rcs-revision 1.17)
\pgf@pt@x=\dimen140
\pgf@pt@y=\dimen141
\pgf@pt@temp=\dimen142
)
(/usr/local/texlive/2015basic/texmf-dist/tex/generic/pgf/basiclayer/pgfcorequic
k.code.tex
File: pgfcorequick.code.tex 2008/10/09  (rcs-revision 1.3)
)
(/usr/local/texlive/2015basic/texmf-dist/tex/generic/pgf/basiclayer/pgfcoreobje
cts.code.tex
File: pgfcoreobjects.code.tex 2006/10/11  (rcs-revision 1.2)
)
(/usr/local/texlive/2015basic/texmf-dist/tex/generic/pgf/basiclayer/pgfcorepath
processing.code.tex
File: pgfcorepathprocessing.code.tex 2013/09/09  (rcs-revision 1.9)
)
(/usr/local/texlive/2015basic/texmf-dist/tex/generic/pgf/basiclayer/pgfcorearro
ws.code.tex
File: pgfcorearrows.code.tex 2013/11/07  (rcs-revision 1.40)
\pgfarrowsep=\dimen143
)
(/usr/local/texlive/2015basic/texmf-dist/tex/generic/pgf/basiclayer/pgfcoreshad
e.code.tex
File: pgfcoreshade.code.tex 2013/07/15  (rcs-revision 1.15)
\pgf@max=\dimen144
\pgf@sys@shading@range@num=\count133
)
(/usr/local/texlive/2015basic/texmf-dist/tex/generic/pgf/basiclayer/pgfcoreimag
e.code.tex
File: pgfcoreimage.code.tex 2013/07/15  (rcs-revision 1.18)

(/usr/local/texlive/2015basic/texmf-dist/tex/generic/pgf/basiclayer/pgfcoreexte
rnal.code.tex
File: pgfcoreexternal.code.tex 2013/07/15  (rcs-revision 1.20)
\pgfexternal@startupbox=\box32
))
(/usr/local/texlive/2015basic/texmf-dist/tex/generic/pgf/basiclayer/pgfcorelaye
rs.code.tex
File: pgfcorelayers.code.tex 2013/07/18  (rcs-revision 1.7)
)
(/usr/local/texlive/2015basic/texmf-dist/tex/generic/pgf/basiclayer/pgfcoretran
sparency.code.tex
File: pgfcoretransparency.code.tex 2013/09/30  (rcs-revision 1.5)
)
(/usr/local/texlive/2015basic/texmf-dist/tex/generic/pgf/basiclayer/pgfcorepatt
erns.code.tex
File: pgfcorepatterns.code.tex 2013/11/07  (rcs-revision 1.5)
)))
(/usr/local/texlive/2015basic/texmf-dist/tex/generic/pgf/modules/pgfmoduleshape
s.code.tex
File: pgfmoduleshapes.code.tex 2013/10/31  (rcs-revision 1.34)
\pgfnodeparttextbox=\box33
)
(/usr/local/texlive/2015basic/texmf-dist/tex/generic/pgf/modules/pgfmoduleplot.
code.tex
File: pgfmoduleplot.code.tex 2013/07/31  (rcs-revision 1.12)
)
(/usr/local/texlive/2015basic/texmf-dist/tex/latex/pgf/compatibility/pgfcomp-ve
rsion-0-65.sty
Package: pgfcomp-version-0-65 2007/07/03 v3.0.0 (rcs-revision 1.7)
\pgf@nodesepstart=\dimen145
\pgf@nodesepend=\dimen146
)
(/usr/local/texlive/2015basic/texmf-dist/tex/latex/pgf/compatibility/pgfcomp-ve
rsion-1-18.sty
Package: pgfcomp-version-1-18 2007/07/23 v3.0.0 (rcs-revision 1.1)
))
(/usr/local/texlive/2015basic/texmf-dist/tex/latex/pgf/utilities/pgffor.sty
(/usr/local/texlive/2015basic/texmf-dist/tex/latex/pgf/utilities/pgfkeys.sty
(/usr/local/texlive/2015basic/texmf-dist/tex/generic/pgf/utilities/pgfkeys.code
.tex)) (/usr/local/texlive/2015basic/texmf-dist/tex/latex/pgf/math/pgfmath.sty
(/usr/local/texlive/2015basic/texmf-dist/tex/generic/pgf/math/pgfmath.code.tex)
)
(/usr/local/texlive/2015basic/texmf-dist/tex/generic/pgf/utilities/pgffor.code.
tex
Package: pgffor 2013/12/13 v3.0.0 (rcs-revision 1.25)

(/usr/local/texlive/2015basic/texmf-dist/tex/generic/pgf/math/pgfmath.code.tex)
\pgffor@iter=\dimen147
\pgffor@skip=\dimen148
\pgffor@stack=\toks30
\pgffor@toks=\toks31
))
(/usr/local/texlive/2015basic/texmf-dist/tex/generic/pgf/frontendlayer/tikz/tik
z.code.tex
Package: tikz 2013/12/13 v3.0.0 (rcs-revision 1.142)

(/usr/local/texlive/2015basic/texmf-dist/tex/generic/pgf/libraries/pgflibrarypl
othandlers.code.tex
File: pgflibraryplothandlers.code.tex 2013/08/31 v3.0.0 (rcs-revision 1.20)
\pgf@plot@mark@count=\count134
\pgfplotmarksize=\dimen149
)
\tikz@lastx=\dimen150
\tikz@lasty=\dimen151
\tikz@lastxsaved=\dimen152
\tikz@lastysaved=\dimen153
\tikzleveldistance=\dimen154
\tikzsiblingdistance=\dimen155
\tikz@figbox=\box34
\tikz@figbox@bg=\box35
\tikz@tempbox=\box36
\tikz@tempbox@bg=\box37
\tikztreelevel=\count135
\tikznumberofchildren=\count136
\tikznumberofcurrentchild=\count137
\tikz@fig@count=\count138

(/usr/local/texlive/2015basic/texmf-dist/tex/generic/pgf/modules/pgfmodulematri
x.code.tex
File: pgfmodulematrix.code.tex 2013/09/17  (rcs-revision 1.8)
\pgfmatrixcurrentrow=\count139
\pgfmatrixcurrentcolumn=\count140
\pgf@matrix@numberofcolumns=\count141
)
\tikz@expandcount=\count142

(/usr/local/texlive/2015basic/texmf-dist/tex/generic/pgf/frontendlayer/tikz/lib
raries/tikzlibrarytopaths.code.tex
File: tikzlibrarytopaths.code.tex 2008/06/17 v3.0.0 (rcs-revision 1.2)
)))
(/usr/local/texlive/2015basic/texmf-dist/tex/latex/pgfplots/pgfplots.sty
(/usr/local/texlive/2015basic/texmf-dist/tex/generic/pgfplots/pgfplots.revision
.tex)
Package: pgfplots 2016/01/06 v1.13 Data Visualization (1.13)

(/usr/local/texlive/2015basic/texmf-dist/tex/generic/pgfplots/pgfplots.code.tex

(/usr/local/texlive/2015basic/texmf-dist/tex/generic/pgfplots/pgfplotscore.code
.tex
\t@pgfplots@toka=\toks32
\t@pgfplots@tokb=\toks33
\t@pgfplots@tokc=\toks34
\pgfplots@tmpa=\dimen156
\c@pgfplots@coordindex=\count143
\c@pgfplots@scanlineindex=\count144

(/usr/local/texlive/2015basic/texmf-dist/tex/generic/pgfplots/sys/pgfplotssysge
neric.code.tex))
(/usr/local/texlive/2015basic/texmf-dist/tex/generic/pgfplots/libs/pgfplotslibr
ary.code.tex)
(/usr/local/texlive/2015basic/texmf-dist/tex/generic/pgfplots/oldpgfcompatib/pg
fplotsoldpgfsupp_loader.code.tex
(/usr/local/texlive/2015basic/texmf-dist/tex/generic/pgf/libraries/pgflibraryfp
u.code.tex)
Package pgfplots: loading complementary arithmetics for your pgf version...

(/usr/local/texlive/2015basic/texmf-dist/tex/generic/pgfplots/oldpgfcompatib/pg
fplotsoldpgfsupp_pgflibraryfpu.code.tex)
(/usr/local/texlive/2015basic/texmf-dist/tex/generic/pgfplots/oldpgfcompatib/pg
fplotsoldpgfsupp_pgfmathfloat.code.tex
\c@pgfmathroundto@lastzeros=\count145
)
(/usr/local/texlive/2015basic/texmf-dist/tex/generic/pgfplots/oldpgfcompatib/pg
fplotsoldpgfsupp_trig_format.code.tex))
(/usr/local/texlive/2015basic/texmf-dist/tex/generic/pgfplots/util/pgfplotsutil
.code.tex
(/usr/local/texlive/2015basic/texmf-dist/tex/generic/pgfplots/liststructure/pgf
plotsliststructure.code.tex)
(/usr/local/texlive/2015basic/texmf-dist/tex/generic/pgfplots/liststructure/pgf
plotsliststructureext.code.tex)
(/usr/local/texlive/2015basic/texmf-dist/tex/generic/pgfplots/liststructure/pgf
plotsarray.code.tex
\c@pgfplotsarray@tmp=\count146
)
(/usr/local/texlive/2015basic/texmf-dist/tex/generic/pgfplots/liststructure/pgf
plotsmatrix.code.tex)
(/usr/local/texlive/2015basic/texmf-dist/tex/generic/pgfplots/numtable/pgfplots
tableshared.code.tex
\c@pgfplotstable@counta=\count147
\t@pgfplotstable@a=\toks35
)
(/usr/local/texlive/2015basic/texmf-dist/tex/generic/pgfplots/liststructure/pgf
plotsdeque.code.tex)
(/usr/local/texlive/2015basic/texmf-dist/tex/generic/pgfplots/util/pgfplotsbina
ry.code.tex
(/usr/local/texlive/2015basic/texmf-dist/tex/generic/pgfplots/util/pgfplotsbina
ry.data.code.tex))
(/usr/local/texlive/2015basic/texmf-dist/tex/generic/pgfplots/util/pgfplotsutil
.verb.code.tex)
(/usr/local/texlive/2015basic/texmf-dist/tex/generic/pgfplots/libs/pgflibrarypg
fplots.surfshading.code.tex
\c@pgfplotslibrarysurf@no=\count148

(/usr/local/texlive/2015basic/texmf-dist/tex/generic/pgfplots/sys/pgflibrarypgf
plots.surfshading.pgfsys-pdftex.def)))
(/usr/local/texlive/2015basic/texmf-dist/tex/generic/pgfplots/util/pgfplotscolo
rmap.code.tex
(/usr/local/texlive/2015basic/texmf-dist/tex/generic/pgfplots/util/pgfplotscolo
r.code.tex))
(/usr/local/texlive/2015basic/texmf-dist/tex/generic/pgfplots/pgfplotsstackedpl
ots.code.tex)
(/usr/local/texlive/2015basic/texmf-dist/tex/generic/pgfplots/pgfplotsplothandl
ers.code.tex
(/usr/local/texlive/2015basic/texmf-dist/tex/generic/pgfplots/pgfplotsmeshploth
andler.code.tex
(/usr/local/texlive/2015basic/texmf-dist/tex/generic/pgfplots/pgfplotsmeshploti
mage.code.tex)))
(/usr/local/texlive/2015basic/texmf-dist/tex/generic/pgfplots/pgfplots.scaling.
code.tex)
(/usr/local/texlive/2015basic/texmf-dist/tex/generic/pgfplots/pgfplotscoordproc
essing.code.tex)
(/usr/local/texlive/2015basic/texmf-dist/tex/generic/pgfplots/pgfplots.errorbar
s.code.tex)
(/usr/local/texlive/2015basic/texmf-dist/tex/generic/pgfplots/pgfplots.markers.
code.tex)
(/usr/local/texlive/2015basic/texmf-dist/tex/generic/pgfplots/pgfplotsticks.cod
e.tex)
(/usr/local/texlive/2015basic/texmf-dist/tex/generic/pgfplots/pgfplots.paths.co
de.tex)
(/usr/local/texlive/2015basic/texmf-dist/tex/generic/pgf/frontendlayer/tikz/lib
raries/tikzlibrarydecorations.code.tex
(/usr/local/texlive/2015basic/texmf-dist/tex/generic/pgf/modules/pgfmoduledecor
ations.code.tex
\pgfdecoratedcompleteddistance=\dimen157
\pgfdecoratedremainingdistance=\dimen158
\pgfdecoratedinputsegmentcompleteddistance=\dimen159
\pgfdecoratedinputsegmentremainingdistance=\dimen160
\pgf@decorate@distancetomove=\dimen161
\pgf@decorate@repeatstate=\count149
\pgfdecorationsegmentamplitude=\dimen162
\pgfdecorationsegmentlength=\dimen163
)
\tikz@lib@dec@box=\box38
)
(/usr/local/texlive/2015basic/texmf-dist/tex/generic/pgf/frontendlayer/tikz/lib
raries/tikzlibrarydecorations.pathmorphing.code.tex
(/usr/local/texlive/2015basic/texmf-dist/tex/generic/pgf/libraries/decorations/
pgflibrarydecorations.pathmorphing.code.tex))
(/usr/local/texlive/2015basic/texmf-dist/tex/generic/pgf/frontendlayer/tikz/lib
raries/tikzlibrarydecorations.pathreplacing.code.tex
(/usr/local/texlive/2015basic/texmf-dist/tex/generic/pgf/libraries/decorations/
pgflibrarydecorations.pathreplacing.code.tex))
\pgfplots@numplots=\count150
\pgfplots@xmin@reg=\dimen164
\pgfplots@xmax@reg=\dimen165
\pgfplots@ymin@reg=\dimen166
\pgfplots@ymax@reg=\dimen167
\pgfplots@zmin@reg=\dimen168
\pgfplots@zmax@reg=\dimen169
)
(/usr/local/texlive/2015basic/texmf-dist/tex/generic/pgf/frontendlayer/tikz/lib
raries/tikzlibraryplotmarks.code.tex
File: tikzlibraryplotmarks.code.tex 2008/01/09 v3.0.0 (rcs-revision 1.1)

(/usr/local/texlive/2015basic/texmf-dist/tex/generic/pgf/libraries/pgflibrarypl
otmarks.code.tex
File: pgflibraryplotmarks.code.tex 2013/07/20 v3.0.0 (rcs-revision 1.13)
)))
(/usr/local/texlive/2015basic/texmf-dist/tex/latex/fancyhdr/fancyhdr.sty

! LaTeX Error: Command \lhead already defined.
               Or name \end... illegal, see p.192 of the manual.

See the LaTeX manual or LaTeX Companion for explanation.
Type  H <return>  for immediate help.
 ...                                              
                                                  
l.266 ...lhead}{\@ifnextchar[{\@xlhead}{\@ylhead}}
                                                  
Your command was ignored.
Type  I <command> <return>  to replace it with another command,
or  <return>  to continue without it.


! LaTeX Error: Command \chead already defined.
               Or name \end... illegal, see p.192 of the manual.

See the LaTeX manual or LaTeX Companion for explanation.
Type  H <return>  for immediate help.
 ...                                              
                                                  
l.270 ...chead}{\@ifnextchar[{\@xchead}{\@ychead}}
                                                  
Your command was ignored.
Type  I <command> <return>  to replace it with another command,
or  <return>  to continue without it.


! LaTeX Error: Command \rhead already defined.
               Or name \end... illegal, see p.192 of the manual.

See the LaTeX manual or LaTeX Companion for explanation.
Type  H <return>  for immediate help.
 ...                                              
                                                  
l.274 ...rhead}{\@ifnextchar[{\@xrhead}{\@yrhead}}
                                                  
Your command was ignored.
Type  I <command> <return>  to replace it with another command,
or  <return>  to continue without it.


! LaTeX Error: Command \lfoot already defined.
               Or name \end... illegal, see p.192 of the manual.

See the LaTeX manual or LaTeX Companion for explanation.
Type  H <return>  for immediate help.
 ...                                              
                                                  
l.278 ...lfoot}{\@ifnextchar[{\@xlfoot}{\@ylfoot}}
                                                  
Your command was ignored.
Type  I <command> <return>  to replace it with another command,
or  <return>  to continue without it.


! LaTeX Error: Command \cfoot already defined.
               Or name \end... illegal, see p.192 of the manual.

See the LaTeX manual or LaTeX Companion for explanation.
Type  H <return>  for immediate help.
 ...                                              
                                                  
l.282 ...cfoot}{\@ifnextchar[{\@xcfoot}{\@ycfoot}}
                                                  
Your command was ignored.
Type  I <command> <return>  to replace it with another command,
or  <return>  to continue without it.


! LaTeX Error: Command \rfoot already defined.
               Or name \end... illegal, see p.192 of the manual.

See the LaTeX manual or LaTeX Companion for explanation.
Type  H <return>  for immediate help.
 ...                                              
                                                  
l.286 ...rfoot}{\@ifnextchar[{\@xrfoot}{\@yrfoot}}
                                                  
Your command was ignored.
Type  I <command> <return>  to replace it with another command,
or  <return>  to continue without it.

\fancy@headwidth=\skip69
\f@ncyO@elh=\skip70
\f@ncyO@erh=\skip71
\f@ncyO@olh=\skip72
\f@ncyO@orh=\skip73
\f@ncyO@elf=\skip74
\f@ncyO@erf=\skip75
\f@ncyO@olf=\skip76
\f@ncyO@orf=\skip77
) (/usr/local/texlive/2015basic/texmf-dist/tex/latex/amsmath/amsmath.sty
Package: amsmath 2013/01/14 v2.14 AMS math features
\@mathmargin=\skip78

For additional information on amsmath, use the `?' option.
(/usr/local/texlive/2015basic/texmf-dist/tex/latex/amsmath/amstext.sty
Package: amstext 2000/06/29 v2.01

(/usr/local/texlive/2015basic/texmf-dist/tex/latex/amsmath/amsgen.sty
File: amsgen.sty 1999/11/30 v2.0
\@emptytoks=\toks36
\ex@=\dimen170
))
(/usr/local/texlive/2015basic/texmf-dist/tex/latex/amsmath/amsbsy.sty
Package: amsbsy 1999/11/29 v1.2d
\pmbraise@=\dimen171
)
(/usr/local/texlive/2015basic/texmf-dist/tex/latex/amsmath/amsopn.sty
Package: amsopn 1999/12/14 v2.01 operator names
)
\inf@bad=\count151
LaTeX Info: Redefining \frac on input line 210.
\uproot@=\count152
\leftroot@=\count153
LaTeX Info: Redefining \overline on input line 306.
\classnum@=\count154
\DOTSCASE@=\count155
LaTeX Info: Redefining \ldots on input line 378.
LaTeX Info: Redefining \dots on input line 381.
LaTeX Info: Redefining \cdots on input line 466.
\Mathstrutbox@=\box39
\strutbox@=\box40
\big@size=\dimen172
LaTeX Font Info:    Redeclaring font encoding OML on input line 566.
LaTeX Font Info:    Redeclaring font encoding OMS on input line 567.
\macc@depth=\count156
\c@MaxMatrixCols=\count157
\dotsspace@=\muskip10
\c@parentequation=\count158
\dspbrk@lvl=\count159
\tag@help=\toks37
\row@=\count160
\column@=\count161
\maxfields@=\count162
\andhelp@=\toks38
\eqnshift@=\dimen173
\alignsep@=\dimen174
\tagshift@=\dimen175
\tagwidth@=\dimen176
\totwidth@=\dimen177
\lineht@=\dimen178
\@envbody=\toks39
\multlinegap=\skip79
\multlinetaggap=\skip80
\mathdisplay@stack=\toks40
LaTeX Info: Redefining \[ on input line 2665.
LaTeX Info: Redefining \] on input line 2666.
)
(/usr/local/texlive/2015basic/texmf-dist/tex/latex/amsfonts/amsfonts.sty
Package: amsfonts 2013/01/14 v3.01 Basic AMSFonts support
\symAMSa=\mathgroup4
\symAMSb=\mathgroup5
LaTeX Font Info:    Overwriting math alphabet `\mathfrak' in version `bold'
(Font)                  U/euf/m/n --> U/euf/b/n on input line 106.
)
(/usr/local/texlive/2015basic/texmf-dist/tex/latex/upquote/upquote.sty
Package: upquote 2012/04/19 v1.3 upright-quote and grave-accent glyphs in verba
tim
)
(./stat105_F15_exam3.aux)
\openout1 = `stat105_F15_exam3.aux'.

LaTeX Font Info:    Checking defaults for OML/cmm/m/it on input line 76.
LaTeX Font Info:    ... okay on input line 76.
LaTeX Font Info:    Checking defaults for T1/cmr/m/n on input line 76.
LaTeX Font Info:    ... okay on input line 76.
LaTeX Font Info:    Checking defaults for OT1/cmr/m/n on input line 76.
LaTeX Font Info:    ... okay on input line 76.
LaTeX Font Info:    Checking defaults for OMS/cmsy/m/n on input line 76.
LaTeX Font Info:    ... okay on input line 76.
LaTeX Font Info:    Checking defaults for OMX/cmex/m/n on input line 76.
LaTeX Font Info:    ... okay on input line 76.
LaTeX Font Info:    Checking defaults for U/cmr/m/n on input line 76.
LaTeX Font Info:    ... okay on input line 76.

(/usr/local/texlive/2015basic/texmf-dist/tex/context/base/supp-pdf.mkii
[Loading MPS to PDF converter (version 2006.09.02).]
\scratchcounter=\count163
\scratchdimen=\dimen179
\scratchbox=\box41
\nofMPsegments=\count164
\nofMParguments=\count165
\everyMPshowfont=\toks41
\MPscratchCnt=\count166
\MPscratchDim=\dimen180
\MPnumerator=\count167
\makeMPintoPDFobject=\count168
\everyMPtoPDFconversion=\toks42
) (/usr/local/texlive/2015basic/texmf-dist/tex/generic/oberdiek/pdftexcmds.sty
Package: pdftexcmds 2011/11/29 v0.20 Utility functions of pdfTeX for LuaTeX (HO
)

(/usr/local/texlive/2015basic/texmf-dist/tex/generic/oberdiek/ifluatex.sty
Package: ifluatex 2010/03/01 v1.3 Provides the ifluatex switch (HO)
Package ifluatex Info: LuaTeX not detected.
)
(/usr/local/texlive/2015basic/texmf-dist/tex/generic/oberdiek/ifpdf.sty
Package: ifpdf 2011/01/30 v2.3 Provides the ifpdf switch (HO)
Package ifpdf Info: pdfTeX in PDF mode is detected.
)
Package pdftexcmds Info: LuaTeX not detected.
Package pdftexcmds Info: \pdf@primitive is available.
Package pdftexcmds Info: \pdf@ifprimitive is available.
Package pdftexcmds Info: \pdfdraftmode found.
)
(/usr/local/texlive/2015basic/texmf-dist/tex/latex/oberdiek/epstopdf-base.sty
Package: epstopdf-base 2010/02/09 v2.5 Base part for package epstopdf

(/usr/local/texlive/2015basic/texmf-dist/tex/latex/oberdiek/grfext.sty
Package: grfext 2010/08/19 v1.1 Manage graphics extensions (HO)

(/usr/local/texlive/2015basic/texmf-dist/tex/generic/oberdiek/kvdefinekeys.sty
Package: kvdefinekeys 2011/04/07 v1.3 Define keys (HO)
)) (/usr/local/texlive/2015basic/texmf-dist/tex/latex/oberdiek/kvoptions.sty
Package: kvoptions 2011/06/30 v3.11 Key value format for package options (HO)

(/usr/local/texlive/2015basic/texmf-dist/tex/generic/oberdiek/kvsetkeys.sty
Package: kvsetkeys 2012/04/25 v1.16 Key value parser (HO)

(/usr/local/texlive/2015basic/texmf-dist/tex/generic/oberdiek/etexcmds.sty
Package: etexcmds 2011/02/16 v1.5 Avoid name clashes with e-TeX commands (HO)
Package etexcmds Info: Could not find \expanded.
(etexcmds)             That can mean that you are not using pdfTeX 1.50 or
(etexcmds)             that some package has redefined \expanded.
(etexcmds)             In the latter case, load this package earlier.
)))
Package grfext Info: Graphics extension search list:
(grfext)             [.png,.pdf,.jpg,.mps,.jpeg,.jbig2,.jb2,.PNG,.PDF,.JPG,.JPE
G,.JBIG2,.JB2,.eps]
(grfext)             \AppendGraphicsExtensions on input line 452.

(/usr/local/texlive/2015basic/texmf-dist/tex/latex/latexconfig/epstopdf-sys.cfg
File: epstopdf-sys.cfg 2010/07/13 v1.3 Configuration of (r)epstopdf for TeX Liv
e
)) ABD: EveryShipout initializing macros

Package pgfplots Warning: running in backwards compatibility mode (unsuitable t
ick labels; missing features). Consider writing \pgfplotsset{compat=1.13} into 
your preamble.
 on input line 76.


LaTeX Font Warning: Font shape `OT1/cmr/bx/sc' undefined
(Font)              using `OT1/cmr/bx/n' instead on input line 82.

LaTeX Font Info:    Try loading font information for OMS+cmr on input line 82.
(/usr/local/texlive/2015basic/texmf-dist/tex/latex/base/omscmr.fd
File: omscmr.fd 2014/09/29 v2.5h Standard LaTeX font definitions
)
LaTeX Font Info:    Font shape `OMS/cmr/m/n' in size <10> not available
(Font)              Font shape `OMS/cmsy/m/n' tried instead on input line 82.
LaTeX Font Info:    Try loading font information for U+msa on input line 82.

(/usr/local/texlive/2015basic/texmf-dist/tex/latex/amsfonts/umsa.fd
File: umsa.fd 2013/01/14 v3.01 AMS symbols A
)
LaTeX Font Info:    Try loading font information for U+msb on input line 82.

(/usr/local/texlive/2015basic/texmf-dist/tex/latex/amsfonts/umsb.fd
File: umsb.fd 2013/01/14 v3.01 AMS symbols B
) [1

{/usr/local/texlive/2015basic/texmf-var/fonts/map/pdftex/updmap/pdftex.map}]
Underfull \hbox (badness 10000) in paragraph at lines 107--108

 []


Underfull \hbox (badness 10000) in paragraph at lines 109--110

 []

[1

] [2]

Package xcolor Warning: Incompatible color definition on input line 246.

<figure/unnamed-chunk-2-1.pdf, id=20, 578.16pt x 289.08pt>
File: figure/unnamed-chunk-2-1.pdf Graphic file (type pdf)

<use figure/unnamed-chunk-2-1.pdf>
Package pdftex.def Info: figure/unnamed-chunk-2-1.pdf used on input line 247.
(pdftex.def)             Requested size: 406.7767pt x 203.38678pt.
 [3 <./figure/unnamed-chunk-2-1.pdf>]

Package xcolor Warning: Incompatible color definition on input line 270.

<figure/unnamed-chunk-4-1.pdf, id=30, 361.35pt x 361.35pt>
File: figure/unnamed-chunk-4-1.pdf Graphic file (type pdf)

<use figure/unnamed-chunk-4-1.pdf>
Package pdftex.def Info: figure/unnamed-chunk-4-1.pdf used on input line 272.
(pdftex.def)             Requested size: 234.8775pt x 234.88023pt.
 [4 <./figure/unnamed-chunk-4-1.pdf>]
[5] <carat_sq_fit.png, id=46, 671.50874pt x 597.23125pt>
File: carat_sq_fit.png Graphic file (type png)

<use carat_sq_fit.png>
Package pdftex.def Info: carat_sq_fit.png used on input line 321.
(pdftex.def)             Requested size: 235.03159pt x 209.03406pt.
 [6 <./carat_sq_fit.png>] [7]

Package xcolor Warning: Incompatible color definition on input line 430.

<figure/unnamed-chunk-7-1.pdf, id=58, 578.16pt x 433.62pt>
File: figure/unnamed-chunk-7-1.pdf Graphic file (type pdf)

<use figure/unnamed-chunk-7-1.pdf>
Package pdftex.def Info: figure/unnamed-chunk-7-1.pdf used on input line 432.
(pdftex.def)             Requested size: 301.6049pt x 226.19827pt.
 [8 <./figure/unnamed-chunk-7-1.pdf>]
[9] [10] [11]
This exam contains 12 questions with 35 parts, 13 subparts, and 0 subsubparts.
This exam has a total of 143 points.
This exam has a total of 0 bonus points.

Class exam Warning: Point totals have changed. Rerun to get point totals right.


(./stat105_F15_exam3.aux)

LaTeX Font Warning: Some font shapes were not available, defaults substituted.


LaTeX Warning: Label(s) may have changed. Rerun to get cross-references right.

 ) 
Here is how much of TeX's memory you used:
 23014 strings out of 494501
 578260 string characters out of 6167030
 758816 words of memory out of 5000000
 25892 multiletter control sequences out of 15000+600000
 7082 words of font info for 28 fonts, out of 8000000 for 9000
 319 hyphenation exceptions out of 8191
 55i,11n,77p,952b,609s stack positions out of 5000i,500n,10000p,200000b,80000s
</usr/local/texlive/2015basic/texmf-dist/fonts/type1/public/amsfonts/cm/cmbx1
0.pfb></usr/local/texlive/2015basic/texmf-dist/fonts/type1/public/amsfonts/cm/c
mbx12.pfb></usr/local/texlive/2015basic/texmf-dist/fonts/type1/public/amsfonts/
cm/cmex10.pfb></usr/local/texlive/2015basic/texmf-dist/fonts/type1/public/amsfo
nts/cm/cmmi10.pfb></usr/local/texlive/2015basic/texmf-dist/fonts/type1/public/a
msfonts/cm/cmmi7.pfb></usr/local/texlive/2015basic/texmf-dist/fonts/type1/publi
c/amsfonts/cm/cmr10.pfb></usr/local/texlive/2015basic/texmf-dist/fonts/type1/pu
blic/amsfonts/cm/cmr7.pfb></usr/local/texlive/2015basic/texmf-dist/fonts/type1/
public/amsfonts/cm/cmsy10.pfb></usr/local/texlive/2015basic/texmf-dist/fonts/ty
pe1/public/amsfonts/cm/cmsy7.pfb></usr/local/texlive/2015basic/texmf-dist/fonts
/type1/public/amsfonts/cm/cmti10.pfb></usr/local/texlive/2015basic/texmf-dist/f
onts/type1/public/amsfonts/cm/cmtt10.pfb>
Output written on stat105_F15_exam3.pdf (12 pages, 276044 bytes).
PDF statistics:
 112 PDF objects out of 1000 (max. 8388607)
 78 compressed objects within 1 object stream
 0 named destinations out of 1000 (max. 500000)
 33 words of extra memory for PDF output out of 10000 (max. 10000000)

